[INFO] WorldEdit: DrizzlyOwl (in "world"): cui
[INFO] WorldEdit: DrizzlyOwl (in "world"): /
[INFO] WorldEdit: DrizzlyOwl (in "world"): /
[INFO] WorldEdit: DrizzlyOwl (in "world"): help
[INFO] WorldEdit: DrizzlyOwl (in "world"): help 2
[INFO] WorldEdit: DrizzlyOwl (in "world"): chunkinfo
[INFO] WorldEdit: DrizzlyOwl (in "world"): help 3
[INFO] WorldEdit: DrizzlyOwl (in "world"): help 4
[INFO] WorldEdit: DrizzlyOwl (in "world"): help 5
[INFO] WorldEdit: DrizzlyOwl (in "world"): /fast
[INFO] WorldEdit: DrizzlyOwl (in "world"): /fast
[INFO] WorldEdit: DrizzlyOwl (in "world"): /help 5
[INFO] WorldEdit: DrizzlyOwl (in "world"): /help 6
[INFO] WorldEdit: DrizzlyOwl (in "world"): /green - Position: (-19.0, 78.0, 160.0)
[INFO] WorldEdit: DrizzlyOwl (in "world"): /help 7
[INFO] WorldEdit: DrizzlyOwl (in "world"): /sphere air 5,5,5 - Position: (-22.0, 71.0, 111.0)
[INFO] WorldEdit: DrizzlyOwl (in "world"): /undo
[INFO] WorldEdit: DrizzlyOwl (in "world"): /wand
[INFO] WorldEdit: DrizzlyOwl (in "world"): /wand
[INFO] WorldEdit: DrizzlyOwl (in "world"): /fixwater 20 - Position: (-27.0, 61.0, 315.0)
[INFO] WorldEdit: DrizzlyOwl (in "world"): /fixwater 20 - Position: (-27.0, 61.0, 315.0)
[INFO] WorldEdit: DrizzlyOwl (in "world"): /fixwater 20 - Position: (-34.0, 61.0, 313.0)
[INFO] WorldEdit: DrizzlyOwl (in "world"): /fixwater 20 - Position: (-37.0, 61.0, 312.0)
[INFO] WorldEdit: DrizzlyOwl (in "world"): /fixwater 20 - Position: (-33.0, 62.0, 309.0)
[INFO] WorldEdit: DrizzlyOwl (in "world"): /wand
[INFO] WorldEdit: DrizzlyOwl (in "world"): /naturalize - Region: (-26.0, 63.0, 308.0) - (1.0, 67.0, 314.0)
[INFO] WorldEdit: DrizzlyOwl (in "world"): /pos2 - Position: (-26.092631831535076, 66.99879954596805, 319.0690806013749)
[INFO] WorldEdit: DrizzlyOwl (in "world"): /walls stone - Region: (-27.0, 64.0, 309.0) - (1.0, 66.0, 319.0)
[INFO] WorldEdit: DrizzlyOwl (in "world"): /naturalize - Region: (-27.0, 64.0, 309.0) - (1.0, 66.0, 319.0)
[INFO] WorldEdit: DrizzlyOwl (in "world"): /replace dirt stone - Region: (-27.0, 64.0, 309.0) - (1.0, 66.0, 319.0)
[INFO] WorldEdit: DrizzlyOwl (in "world"): /pos2 - Position: (-26.599013062456443, 68.78351091432364, 319.5681166702048)
[INFO] WorldEdit: DrizzlyOwl (in "world"): /replace 0 stone - Region: (-27.0, 64.0, 309.0) - (1.0, 68.0, 319.0)
[INFO] WorldEdit: DrizzlyOwl (in "world"): /replace dirt stone - Region: (-27.0, 64.0, 309.0) - (1.0, 68.0, 319.0)
[INFO] WorldEdit: DrizzlyOwl (in "world"): /naturalize - Region: (-27.0, 64.0, 309.0) - (1.0, 68.0, 319.0)
[INFO] WorldEdit: DrizzlyOwl (in "world"): /replace 0 - Region: (-27.0, 68.0, 309.0) - (1.0, 68.0, 319.0)
[INFO] WorldEdit: DrizzlyOwl (in "world"): /replace 0 stone - Region: (-27.0, 60.0, 309.0) - (1.0, 67.0, 319.0)
[INFO] WorldEdit: DrizzlyOwl (in "world"): /replace water stone - Region: (-27.0, 60.0, 309.0) - (1.0, 67.0, 319.0)
[INFO] WorldEdit: DrizzlyOwl (in "world"): /naturalize - Region: (-27.0, 60.0, 309.0) - (1.0, 67.0, 319.0)
[INFO] WorldEdit: DrizzlyOwl (in "world"): /replace * stone - Region: (-43.0, 60.0, 308.0) - (-27.0, 67.0, 319.0)
[INFO] WorldEdit: DrizzlyOwl (in "world"): /naturalize - Region: (-43.0, 60.0, 308.0) - (-27.0, 67.0, 319.0)
[INFO] WorldEdit: DrizzlyOwl (in "world"): /naturalize - Region: (-43.0, 60.0, 308.0) - (-27.0, 67.0, 319.0)
[INFO] WorldEdit: DrizzlyOwl (in "world"): smooth
[INFO] WorldEdit: DrizzlyOwl (in "world"): smooth 3
[INFO] WorldEdit: DrizzlyOwl (in "world"): smooth 3 1
[INFO] WorldEdit: DrizzlyOwl (in "world"): /undo
[INFO] WorldEdit: DrizzlyOwl (in "world"): sphere 3
[INFO] WorldEdit: DrizzlyOwl (in "world"): /undo 7
[INFO] WorldEdit: DrizzlyOwl (in "world"): sphere 3
[INFO] WorldEdit: DrizzlyOwl (in "world"): /smooth - Region: (-43.0, 60.0, 308.0) - (-27.0, 67.0, 319.0)
[INFO] WorldEdit: DrizzlyOwl (in "world"): smooth
[INFO] WorldEdit: DrizzlyOwl (in "world"): /replace dirt sand - Region: (-45.0, 61.0, 320.0) - (3.0, 70.0, 337.0)
[INFO] WorldEdit: DrizzlyOwl (in "world"): /replace 0 sand - Region: (-45.0, 61.0, 320.0) - (3.0, 70.0, 337.0)
[INFO] WorldEdit: DrizzlyOwl (in "world"): /undo
[INFO] WorldEdit: DrizzlyOwl (in "world"): sphere sand
[INFO] WorldEdit: DrizzlyOwl (in "world"): /smooth 4 - Region: (-45.0, 61.0, 320.0) - (3.0, 70.0, 337.0)
[INFO] WorldEdit: DrizzlyOwl (in "world"): /smooth - Region: (-45.0, 61.0, 320.0) - (3.0, 70.0, 337.0)
[INFO] WorldEdit: DrizzlyOwl (in "world"): smooth
[INFO] WorldEdit: DrizzlyOwl (in "world"): smooth
[INFO] WorldEdit: DrizzlyOwl (in "world"): /fixwater 5 - Position: (-10.0, 62.0, 337.0)
[INFO] WorldEdit: DrizzlyOwl (in "world"): forestgen - Position: (-4.259119334275507, 71.0, 90.77436054368712)
[INFO] WorldEdit: DrizzlyOwl (in "world"): forestgen 100 - Position: (-5.270033115837114, 71.0, 91.25872518792323)
[INFO] WorldEdit: WalshyXD (in "world"): /pos1 - Position: (-6.4008331691214, 68.30327869854328, 289.21299573185064)
[INFO] WorldEdit: DrizzlyOwl (in "world"): /naturalize - Region: (-45.0, 61.0, 320.0) - (3.0, 70.0, 337.0)
[INFO] WorldEdit: DrizzlyOwl (in "world"): /pos1 - Position: (-102.35883290362361, 89.65714825776773, 193.0372271225472)
[INFO] WorldEdit: DrizzlyOwl (in "world"): /pos2 - Position: (22.69999998807907, 89.65714825776773, 321.69999998807907)
[INFO] WorldEdit: DrizzlyOwl (in "world"): /walls stone - Region: (-103.0, 89.0, 193.0) - (22.0, 89.0, 321.0)
[INFO] WorldEdit: DrizzlyOwl (in "world"): /undo
[INFO] WorldEdit: DrizzlyOwl (in "world"): /pos1 - Position: (-39.440037090841486, 92.0, 192.4198785654134)
[INFO] WorldEdit: DrizzlyOwl (in "world"): /pos2 - Position: (24.45147497980059, 81.0, 256.1648873998507)
[INFO] WorldEdit: DrizzlyOwl (in "world"): /pos1 - Position: (24.145124129561417, 100.0, 256.47984828379055)
[INFO] WorldEdit: DrizzlyOwl (in "world"): /pos2 - Position: (-40.70213082775141, 100.0, 320.76252948980766)
[INFO] WorldEdit: DrizzlyOwl (in "world"): /walls obsidian - Region: (-41.0, 100.0, 256.0) - (24.0, 100.0, 320.0)
[INFO] WorldEdit: DrizzlyOwl (in "world"): /pos1 - Position: (-102.54505597219526, 100.0, 255.59195044788675)
[INFO] WorldEdit: DrizzlyOwl (in "world"): /walls obsidian - Region: (-103.0, 100.0, 255.0) - (-41.0, 100.0, 320.0)
[INFO] WorldEdit: DrizzlyOwl (in "world"): /pos2 - Position: (-39.56814251110489, 100.0, 192.0101520868549)
[INFO] WorldEdit: DrizzlyOwl (in "world"): /walls obsidian - Region: (-103.0, 100.0, 192.0) - (-40.0, 100.0, 255.0)
[INFO] WorldEdit: DrizzlyOwl (in "world"): /pos1 - Position: (24.314211006957756, 100.0, 255.69999998807904)
[INFO] WorldEdit: DrizzlyOwl (in "world"): /walls obsidian - Region: (-40.0, 100.0, 192.0) - (24.0, 100.0, 255.0)
[INFO] WorldEdit: DrizzlyOwl (in "world"): /help filldown
[INFO] WorldEdit: DrizzlyOwl (in "world"): /help
[INFO] WorldEdit: DrizzlyOwl (in "world"): /help f
[INFO] WorldEdit: DrizzlyOwl (in "world"): /fill obsidian 1 5 - Position: (-103.0, 101.0, 192.0)
[INFO] WorldEdit: DrizzlyOwl (in "world"): /undo
[INFO] WorldEdit: DrizzlyOwl (in "world"): /fill obsidian 0 5 - Position: (-103.0, 101.0, 192.0)
[INFO] WorldEdit: DrizzlyOwl (in "world"): /undo
[INFO] WorldEdit: DrizzlyOwl (in "world"): /help
[INFO] WorldEdit: DrizzlyOwl (in "world"): /help 2
[INFO] WorldEdit: DrizzlyOwl (in "world"): /help 3
[INFO] WorldEdit: DrizzlyOwl (in "world"): /help 4
[INFO] WorldEdit: DrizzlyOwl (in "world"): /help 5
[INFO] WorldEdit: DrizzlyOwl (in "world"): /help 6
[INFO] WorldEdit: DrizzlyOwl (in "world"): /help 7
[INFO] WorldEdit: DrizzlyOwl (in "world"): /help 8
[INFO] WorldEdit: DrizzlyOwl (in "world"): /pos1 - Position: (-102.58919922885175, 100.0, 192.45506360100882)
[INFO] WorldEdit: DrizzlyOwl (in "world"): /
[INFO] WorldEdit: DrizzlyOwl (in "world"): /pos2 - Position: (24.402544998191672, -1.389934252082384, 320.62466735620757)
[INFO] WorldEdit: DrizzlyOwl (in "world"): /replace obsidian 0 - Region: (-103.0, -2.0, 192.0) - (24.0, 100.0, 320.0)
[INFO] WorldEdit: DrizzlyOwl (in "world"): /
[INFO] WorldEdit: DrizzlyOwl (in "world"): ceil - Position: (24.5, 1.0, 320.5)
[INFO] WorldEdit: DrizzlyOwl (in "world"): /wand
[INFO] WorldEdit: DrizzlyOwl (in "world"): butcher - Position: (-41.0, 68.0, 221.0)
[INFO] WorldEdit: DrizzlyOwl (in "world"): /undo
[INFO] WorldEdit: DrizzlyOwl (in "world"): /undo
[INFO] WorldEdit: DrizzlyOwl (in "world"): /wand
[INFO] WorldEdit: DrizzlyOwl (in "world"): /replace 0 plank - Region: (-22.0, 74.0, 296.0) - (-1.0, 74.0, 305.0)
[INFO] WorldEdit: DrizzlyOwl (in "world"): /replace plank plank:3 - Region: (-22.0, 74.0, 296.0) - (-1.0, 74.0, 305.0)
[INFO] WorldEdit: DrizzlyOwl (in "world"): /replace plank plank:2 - Region: (-22.0, 74.0, 296.0) - (-1.0, 74.0, 305.0)
[INFO] WorldEdit: DrizzlyOwl (in "world"): /replace plank plank:2 - Region: (-22.0, 74.0, 296.0) - (-1.0, 74.0, 305.0)
[INFO] WorldEdit: DrizzlyOwl (in "world"): /replace plank plank:5 - Region: (-22.0, 74.0, 296.0) - (-1.0, 74.0, 305.0)
[INFO] WorldEdit: DrizzlyOwl (in "world"): /replace plank plank:4 - Region: (-22.0, 74.0, 296.0) - (-1.0, 74.0, 305.0)
[INFO] WorldEdit: DrizzlyOwl (in "world"): /replace plank plank:2 - Region: (-22.0, 74.0, 296.0) - (-1.0, 74.0, 305.0)
[INFO] WorldEdit: DrizzlyOwl (in "world"): /replace plank plank:3 - Region: (-22.0, 74.0, 296.0) - (-1.0, 74.0, 305.0)
[INFO] WorldEdit: DrizzlyOwl (in "world"): /replace plank plank:6 - Region: (-22.0, 74.0, 296.0) - (-1.0, 74.0, 305.0)
[INFO] WorldEdit: DrizzlyOwl (in "world"): /replace plank plank:1 - Region: (-22.0, 74.0, 296.0) - (-1.0, 74.0, 305.0)
[INFO] WorldEdit: WalshyXD (in "world"): /replace 0 - Region: (63.0, 60.0, -94.0) - (93.0, 71.0, -42.0)
[INFO] WorldEdit: WalshyXD (in "world"): /replace 0 - Region: (60.0, 46.0, -99.0) - (98.0, 74.0, -41.0)
[INFO] WorldEdit: WalshyXD (in "world"): /replace 0 1 - Region: (60.0, 46.0, -99.0) - (98.0, 74.0, -41.0)
[INFO] WorldEdit: WalshyXD (in "world"): /undo
[INFO] WorldEdit: WalshyXD (in "world"): /replace 1 - Region: (60.0, 45.0, -100.0) - (98.0, 59.0, -41.0)
[INFO] WorldEdit: WalshyXD (in "world"): /replace 1 - Region: (60.0, 45.0, -99.0) - (98.0, 59.0, -41.0)
[INFO] WorldEdit: WalshyXD (in "world"): /replace 0 1 - Region: (60.0, 45.0, -99.0) - (98.0, 59.0, -41.0)
[INFO] WorldEdit: WalshyXD (in "world"): /replace 2 - Region: (59.0, 60.0, -101.0) - (99.0, 62.0, -41.0)
[INFO] WorldEdit: WalshyXD (in "world"): /replace 0 2 - Region: (59.0, 60.0, -101.0) - (99.0, 62.0, -41.0)
[INFO] WorldEdit: WalshyXD (in "world"): smooth
[INFO] WorldEdit: WalshyXD (in "world"): /replace 2 - Region: (25.0, 62.0, -88.0) - (62.0, 67.0, -41.0)
[INFO] WorldEdit: WalshyXD (in "world"): /replace 3 - Region: (25.0, 62.0, -88.0) - (62.0, 67.0, -41.0)
[INFO] WorldEdit: WalshyXD (in "world"): smooth
[INFO] WorldEdit: WalshyXD (in "world"): /naturalize - Region: (25.0, 62.0, -88.0) - (62.0, 67.0, -41.0)
[INFO] WorldEdit: WalshyXD (in "world"): /naturalize - Region: (25.0, 62.0, -88.0) - (62.0, 67.0, -41.0)
[INFO] WorldEdit: WalshyXD (in "world"): /undo
[INFO] WorldEdit: WalshyXD (in "world"): /undo
[INFO] WorldEdit: WalshyXD (in "world"): /naturalize - Region: (25.0, 62.0, -88.0) - (62.0, 67.0, -41.0)
[INFO] WorldEdit: WalshyXD (in "world"): /naturalize - Region: (25.0, 62.0, -88.0) - (62.0, 67.0, -41.0)
[INFO] WorldEdit: WalshyXD (in "world"): /naturalize - Region: (15.0, 62.0, -84.0) - (66.0, 70.0, -35.0)
[INFO] WorldEdit: WalshyXD (in "world"): /flora - Region: (25.0, 62.0, -88.0) - (108.0, 64.0, -41.0)
[INFO] WorldEdit: WalshyXD (in "world"): /flora - Region: (25.0, 62.0, -88.0) - (108.0, 64.0, -41.0)
[INFO] WorldEdit: WalshyXD (in "world"): /flora - Region: (25.0, 62.0, -88.0) - (108.0, 64.0, -41.0)
[INFO] WorldEdit: WalshyXD (in "world"): /flora - Region: (25.0, 62.0, -88.0) - (108.0, 64.0, -41.0)
[INFO] WorldEdit: WalshyXD (in "world"): /flora - Region: (25.0, 62.0, -88.0) - (108.0, 64.0, -41.0)
[INFO] WorldEdit: WalshyXD (in "world"): /flora - Region: (25.0, 62.0, -88.0) - (108.0, 64.0, -41.0)
[INFO] WorldEdit: WalshyXD (in "world"): /flora - Region: (25.0, 62.0, -88.0) - (108.0, 64.0, -41.0)
[INFO] WorldEdit: WalshyXD (in "world"): /flora - Region: (25.0, 62.0, -88.0) - (108.0, 64.0, -41.0)
[INFO] WorldEdit: WalshyXD (in "world"): /flora - Region: (25.0, 62.0, -88.0) - (108.0, 64.0, -41.0)
[INFO] WorldEdit: WalshyXD (in "world"): /flora - Region: (25.0, 62.0, -88.0) - (90.0, 69.0, -20.0)
[INFO] WorldEdit: WalshyXD (in "world"): /naturalize - Region: (25.0, 62.0, -88.0) - (90.0, 69.0, -20.0)
[INFO] WorldEdit: WalshyXD (in "world"): tree
[INFO] WorldEdit: WalshyXD (in "world"): tree birch
[INFO] WorldEdit: WalshyXD (in "world"): tree
[INFO] WorldEdit: WalshyXD (in "world"): /pos2 - Position: (134.4174483054927, 78.23432090200531, 30.305458124902593)
[INFO] WorldEdit: WalshyXD (in "world"): /replace wood 2 - Region: (25.0, 62.0, -88.0) - (134.0, 78.0, 30.0)
[INFO] WorldEdit: WalshyXD (in "world"): /replace wood 0 - Region: (25.0, 62.0, -88.0) - (134.0, 78.0, 30.0)
[INFO] WorldEdit: WalshyXD (in "world"): /replace 0 - Region: (25.0, 62.0, -88.0) - (134.0, 78.0, 30.0)
[INFO] WorldEdit: WalshyXD (in "world"): /undo
[INFO] WorldEdit: WalshyXD (in "world"): /pos2 - Position: (137.95747877366975, 85.86424333457121, 39.25360786346753)
[INFO] WorldEdit: WalshyXD (in "world"): /replace 4 50 - Region: (25.0, 62.0, -88.0) - (137.0, 85.0, 39.0)
[INFO] WorldEdit: WalshyXD (in "world"): /replace 50 0 - Region: (25.0, 62.0, -88.0) - (137.0, 85.0, 39.0)
[INFO] WorldEdit: WalshyXD (in "world"): /replace 53 0 - Region: (25.0, 62.0, -88.0) - (137.0, 85.0, 39.0)
[INFO] WorldEdit: WalshyXD (in "world"): /replace 102 0 - Region: (25.0, 62.0, -88.0) - (137.0, 85.0, 39.0)
[INFO] WorldEdit: WalshyXD (in "world"): /naturalize - Region: (25.0, 62.0, -88.0) - (137.0, 85.0, 39.0)
[INFO] WorldEdit: WalshyXD (in "world"): smooth
[INFO] WorldEdit: WalshyXD (in "world"): /replace water 0 - Region: (25.0, 62.0, -88.0) - (137.0, 85.0, 39.0)
[INFO] WorldEdit: WalshyXD (in "world"): /replace 3 2 - Region: (25.0, 62.0, -88.0) - (137.0, 85.0, 39.0)
[INFO] WorldEdit: WalshyXD (in "world"): /replace 208 2 - Region: (25.0, 62.0, -88.0) - (137.0, 85.0, 39.0)
[INFO] WorldEdit: WalshyXD (in "world"): /replace 17 2 - Region: (25.0, 62.0, -88.0) - (137.0, 85.0, 39.0)
[INFO] WorldEdit: WalshyXD (in "world"): /replace 60 2 - Region: (25.0, 62.0, -88.0) - (137.0, 85.0, 39.0)
[INFO] WorldEdit: WalshyXD (in "world"): /pos2 - Position: (-6256.712061480495, 75.04240894755867, 7170.76565602923)
[INFO] WorldEdit: WalshyXD (in "world"): /replace 0 2 - Region: (-6281.0, 67.0, 7170.0) - (-6257.0, 75.0, 7178.0)
[INFO] WorldEdit: WalshyXD (in "world_the_end"): /pos2 - Position: (500.3093737200033, 175.9010247855461, -1177.9275676958232)
[INFO] WorldEdit: WalshyXD (in "world_the_end"): /replace 0 - Region: (406.0, 61.0, -1252.0) - (500.0, 175.0, -1178.0)
[INFO] WorldEdit: WalshyXD (in "world_the_end"): /pos2 - Position: (607.6174351197085, 187.11648365730457, -1147.4913168701983)
[INFO] WorldEdit: WalshyXD (in "world_the_end"): /replace 0 - Region: (607.0, 61.0, -1260.0) - (735.0, 187.0, -1148.0)
[INFO] WorldEdit: WalshyXD (in "world_the_end"): /pos2 - Position: (-581.445166073268, 130.90592323477725, -1795.07622887693)
[INFO] WorldEdit: WalshyXD (in "world_the_end"): /replace 0 - Region: (-582.0, 61.0, -1858.0) - (-536.0, 130.0, -1796.0)
[INFO] WorldEdit: WalshyXD (in "world_the_end"): /smooth - Region: (-582.0, 61.0, -1858.0) - (-536.0, 130.0, -1796.0)
[INFO] WorldEdit: WalshyXD (in "world_the_end"): smooth
[INFO] WorldEdit: WalshyXD (in "world_the_end"): /pos1 - Position: (-222.52861863622124, 59.5181250188435, -2128.16902829425)
[INFO] WorldEdit: WalshyXD (in "world_the_end"): /pos2 - Position: (-296.2342930842293, 112.76799764585853, -2276.3988111062454)
[INFO] WorldEdit: WalshyXD (in "world_the_end"): /replace 0 - Region: (-297.0, 59.0, -2277.0) - (-223.0, 112.0, -2129.0)
[INFO] WorldEdit: WalshyXD (in "world_the_end"): /pos2 - Position: (-308.0967977351562, 159.61108680339808, -2275.3986985494903)
[INFO] WorldEdit: WalshyXD (in "world_the_end"): /replace 0 - Region: (-309.0, 59.0, -2276.0) - (-223.0, 159.0, -2129.0)
[INFO] WorldEdit: WalshyXD (in "world_the_end"): /pos1 - Position: (-810.6655318107917, 58.0, -3398.6079926606085)
[INFO] WorldEdit: WalshyXD (in "world_the_end"): /pos2 - Position: (-927.0392827831221, 199.9874719849394, -3536.065132541015)
[INFO] WorldEdit: WalshyXD (in "world_the_end"): /replace 0 - Region: (-928.0, 58.0, -3537.0) - (-811.0, 199.0, -3399.0)
[INFO] WorldEdit: WalshyXD (in "world_the_end"): /pos1 - Position: (-900.0458292931486, 188.72176354124394, -4225.85562388553)
[INFO] WorldEdit: WalshyXD (in "world_the_end"): /pos2 - Position: (-787.7238828045288, 64.0, -4066.4781002668306)
[INFO] WorldEdit: WalshyXD (in "world_the_end"): /replace 0 - Region: (-901.0, 64.0, -4226.0) - (-788.0, 188.0, -4067.0)
[INFO] WorldEdit: WalshyXD (in "world_the_end"): /pos1 - Position: (-540.2824843296744, 59.0, -3839.9257741093747)
[INFO] WorldEdit: WalshyXD (in "world_the_end"): /pos2 - Position: (-655.8172481364509, 186.35113399551423, -3722.560195125038)
[INFO] WorldEdit: WalshyXD (in "world_the_end"): /replace 0 - Region: (-656.0, 59.0, -3840.0) - (-541.0, 186.0, -3723.0)
[INFO] WorldEdit: WalshyXD (in "world_the_end"): /pos1 - Position: (1661.9058059089284, 64.0, -643.6344929340348)
[INFO] WorldEdit: WalshyXD (in "world_the_end"): /pos2 - Position: (1767.7624828189867, 245.62606619575067, -522.1855566831648)
[INFO] WorldEdit: WalshyXD (in "world_the_end"): /replace 0 - Region: (1661.0, 64.0, -644.0) - (1767.0, 245.0, -523.0)
[INFO] WorldEdit: WalshyXD (in "world_the_end"): /pos1 - Position: (2262.950421119417, 247.1087309856318, 572.0498408764602)
[INFO] WorldEdit: WalshyXD (in "world_the_end"): /pos2 - Position: (2344.9677103844842, 62.8072857312457, 724.295019169)
[INFO] WorldEdit: WalshyXD (in "world_the_end"): /pos1 - Position: (3225.177920867083, 207.86366828500823, 1242.115717438704)
[INFO] WorldEdit: WalshyXD (in "world_the_end"): /pos2 - Position: (3335.025727875865, 57.0, 1367.8712756754878)
[INFO] WorldEdit: WalshyXD (in "world_the_end"): /replace 0 - Region: (3225.0, 57.0, 1242.0) - (3335.0, 207.0, 1367.0)
[INFO] WorldEdit: WalshyXD (in "world"): /undo
[INFO] WorldEdit: WalshyXD (in "world"): sphere 3
[INFO] WorldEdit: WalshyXD (in "world"): sphere 1
[INFO] WorldEdit: WalshyXD (in "world"): smooth 1
[INFO] WorldEdit: WalshyXD (in "world"): smooth 3 8
[INFO] WorldEdit: DrizzlyOwl (in "world"): ascend
[INFO] WorldEdit: WalshyXD (in "world"): tree
[INFO] WorldEdit: DrizzlyOwl (in "world"): forestgen 20 - Position: (70.52717178594558, 66.0, -42.92952776393747)
[INFO] WorldEdit: WalshyXD (in "world"): /pos1 - Position: (142.2852398070749, 60.0, -125.39817976535781)
[INFO] WorldEdit: WalshyXD (in "world"): /pos2 - Position: (254.67452132805673, 101.24360865321795, -5.310239449808526)
[INFO] WorldEdit: WalshyXD (in "world"): /replace 162/1 0 - Region: (142.0, 60.0, -126.0) - (254.0, 101.0, -6.0)
[INFO] WorldEdit: WalshyXD (in "world"): /pos2 - Position: (258.85875778749056, 71.0, -6.700116731135478)
[INFO] WorldEdit: WalshyXD (in "world"): /replace 162/1 0 - Region: (142.0, 60.0, -126.0) - (258.0, 71.0, -7.0)
[INFO] WorldEdit: DrizzlyOwl (in "world"): /pos1 - Position: (160.24016048956165, 72.26089916879273, -5.447485371924489)
[INFO] WorldEdit: DrizzlyOwl (in "world"): /pos2 - Position: (254.7081356401175, 94.73777177882403, -154.05346166360988)
[INFO] WorldEdit: DrizzlyOwl (in "world"): /replace log 0 - Region: (160.0, 72.0, -155.0) - (254.0, 94.0, -6.0)
[INFO] WorldEdit: DrizzlyOwl (in "world"): /replace log:2 0 - Region: (160.0, 72.0, -155.0) - (254.0, 94.0, -6.0)
[INFO] WorldEdit: DrizzlyOwl (in "world"): /replace tree 0 - Region: (160.0, 72.0, -155.0) - (254.0, 94.0, -6.0)
[INFO] WorldEdit: DrizzlyOwl (in "world"): /replace tree:2 - Region: (160.0, 72.0, -155.0) - (254.0, 94.0, -6.0)
[INFO] WorldEdit: DrizzlyOwl (in "world"): /undo
[INFO] WorldEdit: DrizzlyOwl (in "world"): /replace jungle birch - Region: (160.0, 72.0, -155.0) - (254.0, 94.0, -6.0)
[INFO] WorldEdit: DrizzlyOwl (in "world"): /undo
[INFO] WorldEdit: WalshyXD (in "world"): /pos1 - Position: (256.69999998807907, 63.0, -29.381631511333563)
[INFO] WorldEdit: WalshyXD (in "world"): /pos2 - Position: (148.01223020674627, 94.4064038445653, -123.81655885410358)
[INFO] WorldEdit: WalshyXD (in "world"): /replace log:2 0 - Region: (148.0, 63.0, -124.0) - (256.0, 94.0, -30.0)
[INFO] WorldEdit: WalshyXD (in "world"): /replace log:3 0 - Region: (148.0, 63.0, -124.0) - (256.0, 94.0, -30.0)
[INFO] WorldEdit: WalshyXD (in "world"): /replace log:1 0 - Region: (148.0, 63.0, -124.0) - (256.0, 94.0, -30.0)
[INFO] WorldEdit: DrizzlyOwl (in "world"): /replace log:2 0 - Region: (160.0, 72.0, -155.0) - (254.0, 94.0, -6.0)
[INFO] WorldEdit: DrizzlyOwl (in "world"): /replace log:3 0 - Region: (160.0, 72.0, -155.0) - (254.0, 94.0, -6.0)
[INFO] WorldEdit: DrizzlyOwl (in "world"): /replace log:4 0 - Region: (160.0, 72.0, -155.0) - (254.0, 94.0, -6.0)
[INFO] WorldEdit: WalshyXD (in "world"): /pos2 - Position: (142.2515617796021, 100.7615152889604, -134.4478282762051)
[INFO] WorldEdit: DrizzlyOwl (in "world"): /replace dark_oak 0 - Region: (160.0, 72.0, -155.0) - (254.0, 94.0, -6.0)
[INFO] WorldEdit: WalshyXD (in "world"): tree
[INFO] WorldEdit: DrizzlyOwl (in "world"): forestgen 10 - Position: (160.3555743195061, 70.0, -13.109999056177607)
[INFO] WorldEdit: DrizzlyOwl (in "world"): /undo
[INFO] WorldEdit: WalshyXD (in "world"): tree dark_oak
[INFO] WorldEdit: WalshyXD (in "world"): tree darkoak
[INFO] WorldEdit: DrizzlyOwl (in "world"): forestgen 80 - Position: (160.41348917209564, 70.0, -14.77385820863048)
[INFO] WorldEdit: WalshyXD (in "world"): tree
[INFO] WorldEdit: WalshyXD (in "world"): tree jungle
[INFO] WorldEdit: WalshyXD (in "world"): /undo
[INFO] WorldEdit: DrizzlyOwl (in "world"): forestgen 80 - Position: (225.86624903210154, 72.0, 0.8908935283265563)
[INFO] WorldEdit: WalshyXD (in "world"): tree darkoak
[INFO] WorldEdit: DrizzlyOwl (in "world"): /undo
[INFO] WorldEdit: DrizzlyOwl (in "world"): /pos1 - Position: (359.7498627136402, 73.0, 2.643826051004912)
[INFO] WorldEdit: DrizzlyOwl (in "world"): /pos2 - Position: (231.04073764714903, 97.01249477155648, 67.37046288527245)
[INFO] WorldEdit: DrizzlyOwl (in "world"): /replace log 0 - Region: (231.0, 73.0, 2.0) - (359.0, 97.0, 67.0)
[INFO] WorldEdit: DrizzlyOwl (in "world"): /replace log:2 0 - Region: (231.0, 73.0, 2.0) - (359.0, 97.0, 67.0)
[INFO] WorldEdit: DrizzlyOwl (in "world"): /replace log:4 0 - Region: (231.0, 73.0, 2.0) - (359.0, 97.0, 67.0)
[INFO] WorldEdit: DrizzlyOwl (in "world"): /replace DARK_OAK 0 - Region: (231.0, 73.0, 2.0) - (359.0, 97.0, 67.0)
[INFO] WorldEdit: DrizzlyOwl (in "world"): /replace BIRCH 0 - Region: (231.0, 73.0, 2.0) - (359.0, 97.0, 67.0)
[INFO] WorldEdit: DrizzlyOwl (in "world"): /replace log:1 0 - Region: (231.0, 73.0, 2.0) - (359.0, 97.0, 67.0)
[INFO] WorldEdit: DrizzlyOwl (in "world"): /replace log:5 0 - Region: (231.0, 73.0, 2.0) - (359.0, 97.0, 67.0)
[INFO] WorldEdit: DrizzlyOwl (in "world"): /replace BIRCH_LOG 0 - Region: (231.0, 73.0, 2.0) - (359.0, 97.0, 67.0)
[INFO] WorldEdit: DrizzlyOwl (in "world"): /replace 17:2 0 - Region: (231.0, 73.0, 2.0) - (359.0, 97.0, 67.0)
[INFO] WorldEdit: DrizzlyOwl (in "world"): /replace 0017:2 0 - Region: (231.0, 73.0, 2.0) - (359.0, 97.0, 67.0)
[INFO] WorldEdit: WalshyXD (in "world"): /replace 162:1 air - Region: (194.0, 63.0, -30.0) - (256.0, 65.0, 186.0)
[INFO] WorldEdit: DrizzlyOwl (in "world"): /replace wood 0 - Region: (231.0, 73.0, 2.0) - (359.0, 97.0, 67.0)
[INFO] WorldEdit: DrizzlyOwl (in "world"): /replace tree 0 - Region: (231.0, 73.0, 2.0) - (359.0, 97.0, 67.0)
[INFO] WorldEdit: DrizzlyOwl (in "world"): /replace log:5 0 - Region: (231.0, 73.0, 2.0) - (359.0, 97.0, 67.0)
[INFO] WorldEdit: DrizzlyOwl (in "world"): /replace log5 0 - Region: (231.0, 73.0, 2.0) - (359.0, 97.0, 67.0)
[INFO] WorldEdit: WalshyXD (in "world"): /replace log:5 0 - Region: (194.0, 63.0, -30.0) - (256.0, 65.0, 186.0)
[INFO] WorldEdit: WalshyXD (in "world"): /replace log:5 0 - Region: (194.0, 63.0, -30.0) - (256.0, 65.0, 186.0)
[INFO] WorldEdit: WalshyXD (in "world"): /replace log:4 0 - Region: (194.0, 63.0, -30.0) - (256.0, 65.0, 186.0)
[INFO] WorldEdit: WalshyXD (in "world"): /replace log:3 0 - Region: (194.0, 63.0, -30.0) - (256.0, 65.0, 186.0)
[INFO] WorldEdit: WalshyXD (in "world"): /replace log:2 0 - Region: (194.0, 63.0, -30.0) - (256.0, 65.0, 186.0)
[INFO] WorldEdit: WalshyXD (in "world"): /replace log 0 - Region: (194.0, 63.0, -30.0) - (256.0, 65.0, 186.0)
[INFO] WorldEdit: DrizzlyOwl (in "world"): /replace 17:2 0 - Region: (231.0, 73.0, 2.0) - (359.0, 97.0, 67.0)
[INFO] WorldEdit: WalshyXD (in "world"): /pos1 - Position: (366.61111434697784, 119.26412482418235, 67.59049082710631)
[INFO] WorldEdit: WalshyXD (in "world"): /replace log 0 - Region: (197.0, 66.0, 67.0) - (366.0, 119.0, 193.0)
[INFO] WorldEdit: WalshyXD (in "world"): /replace log:5 0 - Region: (197.0, 66.0, 67.0) - (366.0, 119.0, 193.0)
[INFO] WorldEdit: WalshyXD (in "world"): /replace log:4 0 - Region: (197.0, 66.0, 67.0) - (366.0, 119.0, 193.0)
[INFO] WorldEdit: WalshyXD (in "world"): /replace log:6 0 - Region: (197.0, 66.0, 67.0) - (366.0, 119.0, 193.0)
[INFO] WorldEdit: DrizzlyOwl (in "world"): /pos1 - Position: (224.41378984604137, 66.0, 15.678640612439656)
[INFO] WorldEdit: WalshyXD (in "world"): /replace log:4 0 - Region: (197.0, 66.0, 67.0) - (366.0, 119.0, 193.0)
[INFO] WorldEdit: WalshyXD (in "world"): /replace log:3 0 - Region: (197.0, 66.0, 67.0) - (366.0, 119.0, 193.0)
[INFO] WorldEdit: WalshyXD (in "world"): /replace log:2 0 - Region: (197.0, 66.0, 67.0) - (366.0, 119.0, 193.0)
[INFO] WorldEdit: WalshyXD (in "world"): /replace log:1 0 - Region: (197.0, 66.0, 67.0) - (366.0, 119.0, 193.0)
[INFO] WorldEdit: DrizzlyOwl (in "world"): /pos2 - Position: (374.4257312011799, 96.65112924429255, 92.58742475708573)
[INFO] WorldEdit: WalshyXD (in "world"): /replace log 0 - Region: (197.0, 66.0, 67.0) - (366.0, 119.0, 193.0)
[INFO] WorldEdit: DrizzlyOwl (in "world"): /replace 17:2 0 - Region: (224.0, 66.0, 15.0) - (374.0, 96.0, 92.0)
[INFO] WorldEdit: DrizzlyOwl (in "world"): /replace dark_oak 0 - Region: (224.0, 66.0, 15.0) - (374.0, 96.0, 92.0)
[INFO] WorldEdit: DrizzlyOwl (in "world"): /replace leave 0 - Region: (224.0, 66.0, 15.0) - (374.0, 96.0, 92.0)
[INFO] WorldEdit: WalshyXD (in "world"): /replace log:6 0 - Region: (197.0, 66.0, 67.0) - (366.0, 119.0, 193.0)
[INFO] WorldEdit: WalshyXD (in "world"): /replace log:7 0 - Region: (197.0, 66.0, 67.0) - (366.0, 119.0, 193.0)
[INFO] WorldEdit: WalshyXD (in "world"): /replace log:1 0 - Region: (197.0, 66.0, 67.0) - (366.0, 119.0, 193.0)
[INFO] WorldEdit: WalshyXD (in "world"): /replace log:1 0 - Region: (197.0, 66.0, 67.0) - (366.0, 119.0, 193.0)
[INFO] WorldEdit: WalshyXD (in "world"): /replace dark_oak 0 - Region: (197.0, 66.0, 67.0) - (366.0, 119.0, 193.0)
[INFO] WorldEdit: WalshyXD (in "world"): /replace leaves 0 - Region: (197.0, 66.0, 67.0) - (366.0, 119.0, 193.0)
[INFO] WorldEdit: WalshyXD (in "world"): /pos2 - Position: (357.50678445612664, 122.90720845720524, 52.7294596459739)
[INFO] WorldEdit: WalshyXD (in "world"): /naturalize - Region: (216.0, 68.0, 52.0) - (357.0, 122.0, 197.0)
[INFO] WorldEdit: WalshyXD (in "world"): /flora 100 - Region: (216.0, 68.0, 52.0) - (357.0, 122.0, 197.0)
[INFO] WorldEdit: WalshyXD (in "world"): /setbiome plains - Region: (216.0, 68.0, 52.0) - (357.0, 122.0, 197.0)
[INFO] WorldEdit: WalshyXD (in "world"): /naturalize - Region: (216.0, 68.0, 52.0) - (357.0, 122.0, 197.0)
[INFO] WorldEdit: DrizzlyOwl (in "world"): tree
[INFO] WorldEdit: WalshyXD (in "world"): /replace grass 0 - Region: (216.0, 68.0, 52.0) - (357.0, 122.0, 197.0)
[INFO] WorldEdit: DrizzlyOwl (in "world"): forestgen - Position: (281.50776083771285, 71.0, 116.0998884724374)
[INFO] WorldEdit: WalshyXD (in "world"): /naturalize - Region: (216.0, 68.0, 52.0) - (357.0, 122.0, 197.0)
[INFO] WorldEdit: DrizzlyOwl (in "world"): forestgen 100 TREE 20 - Position: (281.50776083771285, 71.0, 116.0998884724374)
[INFO] WorldEdit: DrizzlyOwl (in "world"): /undo
[INFO] WorldEdit: WalshyXD (in "world"): load ellie
[INFO] WorldEdit: WalshyXD (in "world"): load ellie.schematic
[INFO] WorldEdit: WalshyXD (in "world"): /copy
[INFO] WorldEdit: WalshyXD (in "world"): save mcedit cactus
[INFO] WorldEdit: WalshyXD (in "world"): list
[INFO] WorldEdit: WalshyXD (in "world"): /pos1 - Position: (-30.252671141477947, 77.28067430098567, 269.35458432041713)
[INFO] WorldEdit: WalshyXD (in "world"): /pos2 - Position: (-49.40159162097842, 88.52478152323363, 300.70995760452166)
[INFO] WorldEdit: WalshyXD (in "world"): /replace nether_brick_stairs Quartz_Stairs - Region: (-50.0, 77.0, 269.0) - (-31.0, 88.0, 300.0)
[INFO] WorldEdit: WalshyXD (in "world"): /undo
[INFO] WorldEdit: WalshyXD (in "world"): /pos2 - Position: (28.15439021191283, 89.23707215716426, 257.08411926536485)
[INFO] WorldEdit: WalshyXD (in "world"): /replace log coal_block - Region: (-5.0, 67.0, 239.0) - (28.0, 89.0, 257.0)
[INFO] WorldEdit: WalshyXD (in "world"): /replace 5:1 5:2 - Region: (-5.0, 67.0, 239.0) - (28.0, 89.0, 257.0)
[INFO] WorldEdit: WalshyXD (in "world"): /replace planks 0 - Region: (-5.0, 67.0, 239.0) - (28.0, 89.0, 257.0)
[INFO] WorldEdit: WalshyXD (in "world"): /undo
[INFO] WorldEdit: WalshyXD (in "world"): /replace 5:2 0 - Region: (-5.0, 67.0, 239.0) - (28.0, 89.0, 257.0)
[INFO] WorldEdit: WalshyXD (in "world"): /replace 5:1 0 - Region: (-5.0, 67.0, 239.0) - (28.0, 89.0, 257.0)
[INFO] WorldEdit: WalshyXD (in "world"): /pos2 - Position: (27.625432666401682, 91.86271862200891, 264.4227123400853)
[INFO] WorldEdit: WalshyXD (in "world"): /replace 5 159:7 - Region: (-8.0, 67.0, 239.0) - (27.0, 91.0, 264.0)
[INFO] WorldEdit: WalshyXD (in "world"): /undo
[INFO] WorldEdit: WalshyXD (in "world"): /replace 5:2 159:7 - Region: (-8.0, 67.0, 239.0) - (27.0, 91.0, 264.0)
[INFO] WorldEdit: WalshyXD (in "world"): /replace 5 159:7 - Region: (-8.0, 67.0, 239.0) - (27.0, 91.0, 264.0)
[INFO] WorldEdit: WalshyXD (in "world"): /undo
[INFO] WorldEdit: WalshyXD (in "world"): /pos1 - Position: (-16.032027096763674, 77.61772403849292, 111.31269377925058)
[INFO] WorldEdit: WalshyXD (in "world"): /pos2 - Position: (-15.948157601380426, 77.61772403849292, 111.31269377925058)
[INFO] WorldEdit: WalshyXD (in "world"): /ex - Position: (-124.0, 79.0, 246.0)
[INFO] WorldEdit: DrizzlyOwl (in "world"): info
[INFO] WorldEdit: DrizzlyOwl (in "world"): info
[INFO] WorldEdit: DrizzlyOwl (in "world"): info
[INFO] WorldEdit: DrizzlyOwl (in "world"): info
[INFO] WorldEdit: DrizzlyOwl (in "world"): info
[INFO] WorldEdit: DrizzlyOwl (in "world"): info
[INFO] WorldEdit: DrizzlyOwl (in "world"): none
[INFO] WorldEdit: DrizzlyOwl (in "world"): info
[INFO] WorldEdit: WalshyXD (in "world"): /pos1 - Position: (12.417861324192872, 68.0, 255.35712194083217)
[INFO] WorldEdit: WalshyXD (in "world"): /pos2 - Position: (12.400355896777855, 78.36708867457152, 271.35092309801206)
[INFO] WorldEdit: WalshyXD (in "world"): /replace 0 90 - Region: (12.0, 68.0, 255.0) - (12.0, 78.0, 271.0)
[INFO] WorldEdit: WalshyXD (in "world"): /pos1 - Position: (10.405069777320962, 68.0, 257.06213717259595)
[INFO] WorldEdit: WalshyXD (in "world"): /pos2 - Position: (10.385929438039087, 77.65658305327969, 270.63922580844024)
[INFO] WorldEdit: WalshyXD (in "world"): /replace 0 1 - Region: (10.0, 68.0, 257.0) - (10.0, 77.0, 270.0)
[INFO] WorldEdit: WalshyXD (in "world"): /replace 1 90 - Region: (10.0, 68.0, 257.0) - (10.0, 77.0, 270.0)
[INFO] WorldEdit: WalshyXD (in "world"): /pos1 - Position: (13.608454124873122, 67.0, 265.35674818388304)
[INFO] WorldEdit: WalshyXD (in "world"): /pos2 - Position: (24.308010053868433, 71.0, 282.7860780731507)
[INFO] WorldEdit: WalshyXD (in "world"): /replace 2 - Region: (13.0, 67.0, 265.0) - (24.0, 71.0, 282.0)
[INFO] WorldEdit: WalshyXD (in "world"): /pos1 - Position: (-2.4627610629734167, 68.0, 280.5085277087064)
[INFO] WorldEdit: WalshyXD (in "world"): /pos2 - Position: (-27.617579378078645, 80.61658917709828, 243.37688566155956)
[INFO] WorldEdit: WalshyXD (in "world"): /replace 0 - Region: (-28.0, 68.0, 243.0) - (-3.0, 80.0, 280.0)
[INFO] WorldEdit: WalshyXD (in "world"): /pos1 - Position: (-26.070979366500826, 68.0, 249.6472521054571)
[INFO] WorldEdit: WalshyXD (in "world"): /pos2 - Position: (-4.541648028323637, 71.23381543434196, 272.6406053335558)
[INFO] WorldEdit: WalshyXD (in "world"): /cut - Region: (-27.0, 68.0, 249.0) - (-5.0, 71.0, 272.0)
[INFO] WorldEdit: WalshyXD (in "world"): /paste - Position: (-23.0, 68.0, 268.0)
[INFO] WorldEdit: WalshyXD (in "world"): /undo
[INFO] WorldEdit: WalshyXD (in "world"): /undo
[INFO] WorldEdit: WalshyXD (in "world"): /pos1 - Position: (-2.1021444041269906, 73.84692581168156, 272.3677412689087)
[INFO] WorldEdit: WalshyXD (in "world"): /pos2 - Position: (-26.74073888431486, 68.0, 249.42046046829915)
[INFO] WorldEdit: WalshyXD (in "world"): /cut - Region: (-27.0, 68.0, 249.0) - (-3.0, 73.0, 272.0)
[INFO] WorldEdit: WalshyXD (in "world"): /paste - Position: (-27.0, 68.0, 256.0)
[INFO] WorldEdit: WalshyXD (in "world"): /pos1 - Position: (-4.956328522165864, 71.17247859864021, 273.2064358747035)
[INFO] WorldEdit: WalshyXD (in "world"): /pos2 - Position: (-27.188931795067433, 85.03973273202585, 259.5301061032793)
[INFO] WorldEdit: WalshyXD (in "world"): /replace 43 double_stone_slab - Region: (-28.0, 71.0, 259.0) - (-5.0, 85.0, 273.0)
[INFO] WorldEdit: WalshyXD (in "world"): /replace 44 double_stone_slab - Region: (-28.0, 71.0, 259.0) - (-5.0, 85.0, 273.0)
[INFO] WorldEdit: WalshyXD (in "world"): /undo
[INFO] WorldEdit: WalshyXD (in "world"): /replace 44 43:5 - Region: (-28.0, 71.0, 259.0) - (-5.0, 85.0, 273.0)
[INFO] WorldEdit: WalshyXD (in "world"): /undo
[INFO] WorldEdit: WalshyXD (in "world"): /replace 44 44:5 - Region: (-28.0, 71.0, 259.0) - (-5.0, 85.0, 273.0)
[INFO] WorldEdit: WalshyXD (in "world"): /undo
[INFO] WorldEdit: WalshyXD (in "world"): /replace 44:0 44:5 - Region: (-28.0, 71.0, 259.0) - (-5.0, 85.0, 273.0)
[INFO] WorldEdit: WalshyXD (in "world"): /pos1 - Position: (10.754269833013385, 68.0, 267.5982439860872)
[INFO] WorldEdit: WalshyXD (in "world"): /pos2 - Position: (9.40381564118713, 69.0, 266.2984812634741)
[INFO] WorldEdit: WalshyXD (in "world"): /replace 43:8 - Region: (9.0, 68.0, 266.0) - (10.0, 69.0, 267.0)
[INFO] WorldEdit: WalshyXD (in "world"): /pos1 - Position: (-3.744214963796029, 68.0, 255.95439154737937)
[INFO] WorldEdit: WalshyXD (in "world"): /pos2 - Position: (-24.666334035180984, 86.65501787040185, 280.5633997075373)
[INFO] WorldEdit: WalshyXD (in "world"): /replace 98 43:8 - Region: (-25.0, 68.0, 255.0) - (-4.0, 86.0, 280.0)
[INFO] WorldEdit: WalshyXD (in "world"): /replace stone 43:8 - Region: (-25.0, 68.0, 255.0) - (-4.0, 86.0, 280.0)
[INFO] WorldEdit: WalshyXD (in "world"): /replace 43:8 - Region: (-25.0, 68.0, 255.0) - (-4.0, 86.0, 280.0)
[INFO] WorldEdit: WalshyXD (in "world"): /undo
[INFO] WorldEdit: WalshyXD (in "world"): /replace stone 43:8 - Region: (-25.0, 68.0, 255.0) - (-4.0, 86.0, 280.0)
[INFO] WorldEdit: WalshyXD (in "world"): /pos1 - Position: (-28.198784533025297, 93.83232262936934, 213.35108474792676)
[INFO] WorldEdit: WalshyXD (in "world"): /pos2 - Position: (-14.277097264841094, 76.60290925894236, 227.33360159346043)
[INFO] WorldEdit: WalshyXD (in "world"): /cut - Region: (-29.0, 76.0, 213.0) - (-15.0, 93.0, 227.0)
[INFO] WorldEdit: WalshyXD (in "world"): /paste - Position: (-15.0, 88.0, 227.0)
[INFO] WorldEdit: WalshyXD (in "world"): /pos1 - Position: (-42.45242858053188, 73.0, 258.3956321997019)
[INFO] WorldEdit: WalshyXD (in "world"): /pos2 - Position: (-33.71132747491194, 83.39609371864815, 254.23645343738923)
[INFO] WorldEdit: WalshyXD (in "world"): /replace obsidian glowstone - Region: (-43.0, 73.0, 254.0) - (-34.0, 83.0, 258.0)
[INFO] WorldEdit: WalshyXD (in "world"): /undo
[INFO] WorldEdit: WalshyXD (in "world"): tree
[INFO] WorldEdit: WalshyXD (in "world"): /pos1 - Position: (22.69999998807907, 68.0, 263.8683949096728)
[INFO] WorldEdit: WalshyXD (in "world"): /pos2 - Position: (18.438903554737365, 77.28126481860451, 285.9464416324953)
[INFO] WorldEdit: WalshyXD (in "world"): /replace 0 - Region: (18.0, 68.0, 263.0) - (22.0, 77.0, 285.0)
[INFO] WorldEdit: WalshyXD (in "world"): /pos1 - Position: (23.3245372510171, 69.0, 283.30000001192093)
[INFO] WorldEdit: WalshyXD (in "world"): /pos2 - Position: (49.216521001238256, 79.03163379090618, 232.09438164681194)
[INFO] WorldEdit: WalshyXD (in "world"): /replace 0 - Region: (23.0, 69.0, 232.0) - (49.0, 79.0, 283.0)
[INFO] WorldEdit: WalshyXD (in "world"): /ex - Position: (-3.0, 83.0, 101.0)
[INFO] WorldEdit: WalshyXD (in "world"): /pos1 - Position: (23.69999998807907, 68.0, 232.30000001192093)
[INFO] WorldEdit: WalshyXD (in "world"): /pos2 - Position: (48.85101010801381, 69.0, 279.3103114068382)
[INFO] WorldEdit: WalshyXD (in "world"): /replace 2 - Region: (23.0, 68.0, 232.0) - (48.0, 69.0, 279.0)
[INFO] WorldEdit: WalshyXD (in "world"): cylinder 3
[INFO] WorldEdit: WalshyXD (in "world"): smooth
[INFO] WorldEdit: WalshyXD (in "world"): cylinder 5
[INFO] WorldEdit: WalshyXD (in "world"): cylinder 2
[INFO] WorldEdit: WalshyXD (in "world"): cylinder 2 3 1
[INFO] WorldEdit: WalshyXD (in "world"): cylinder 2 3 2
[INFO] WorldEdit: WalshyXD (in "world"): /undo
[INFO] WorldEdit: WalshyXD (in "world"): tree birch
[INFO] WorldEdit: WalshyXD (in "world"): tree bigtree
[INFO] WorldEdit: WalshyXD (in "world"): smooth 3
[INFO] WorldEdit: WalshyXD (in "world"): smooth 3 2
[INFO] WorldEdit: WalshyXD (in "world"): /undo
